<?xml version="1.0" encoding="UTF-8"?>
<testng-results ignored="0" total="1" passed="1" failed="0" skipped="0">
  <reporter-output>
  </reporter-output>
  <suite started-at="2024-11-20T15:42:18 IST" name="Default suite" finished-at="2024-11-20T15:43:02 IST" duration-ms="43874">
    <groups>
    </groups>
    <test started-at="2024-11-20T15:42:18 IST" name="Default test" finished-at="2024-11-20T15:43:02 IST" duration-ms="43874">
      <class name="test.Testcase4">
        <test-method is-config="true" signature="launch()[pri:0, instance:test.Testcase4@4310d43]" started-at="2024-11-20T15:42:18 IST" name="launch" finished-at="2024-11-20T15:42:25 IST" duration-ms="6233" status="PASS">
          <reporter-output>
          </reporter-output>
        </test-method> <!-- launch -->
        <test-method signature="logout()[pri:0, instance:test.Testcase4@4310d43]" started-at="2024-11-20T15:42:25 IST" name="logout" finished-at="2024-11-20T15:43:00 IST" duration-ms="35578" status="PASS">
          <reporter-output>
          </reporter-output>
        </test-method> <!-- logout -->
        <test-method is-config="true" signature="Quit()[pri:0, instance:test.Testcase4@4310d43]" started-at="2024-11-20T15:43:00 IST" name="Quit" finished-at="2024-11-20T15:43:02 IST" duration-ms="1982" status="PASS">
          <reporter-output>
          </reporter-output>
        </test-method> <!-- Quit -->
      </class> <!-- test.Testcase4 -->
    </test> <!-- Default test -->
  </suite> <!-- Default suite -->
</testng-results>
